f:\nmptgame\blastermaster\blastermaster\debug\vc142.pdb
f:\nmptgame\blastermaster\blastermaster\debug\vc142.idb
f:\nmptgame\blastermaster\blastermaster\debug\textures.obj
f:\nmptgame\blastermaster\blastermaster\debug\sprites.obj
f:\nmptgame\blastermaster\blastermaster\debug\spriteaddinfo.obj
f:\nmptgame\blastermaster\blastermaster\debug\enemyinitinfo.obj
f:\nmptgame\blastermaster\blastermaster\debug\sophia.obj
f:\nmptgame\blastermaster\blastermaster\debug\main.obj
f:\nmptgame\blastermaster\blastermaster\debug\jasonow.obj
f:\nmptgame\blastermaster\blastermaster\debug\gameobject.obj
f:\nmptgame\blastermaster\blastermaster\debug\game.obj
f:\nmptgame\blastermaster\blastermaster\debug\enemies.obj
f:\nmptgame\blastermaster\blastermaster\debug\aniaddinfo.obj
f:\nmptgame\blastermaster\blastermaster\debug\jason.obj
f:\nmptgame\blastermaster\debug\blastermaster.exe
f:\nmptgame\blastermaster\debug\blastermaster.ilk
f:\nmptgame\blastermaster\debug\blastermaster.pdb
f:\nmptgame\blastermaster\blastermaster\debug\blastermaster.tlog\cl.command.1.tlog
f:\nmptgame\blastermaster\blastermaster\debug\blastermaster.tlog\cl.read.1.tlog
f:\nmptgame\blastermaster\blastermaster\debug\blastermaster.tlog\cl.write.1.tlog
f:\nmptgame\blastermaster\blastermaster\debug\blastermaster.tlog\link.command.1.tlog
f:\nmptgame\blastermaster\blastermaster\debug\blastermaster.tlog\link.read.1.tlog
f:\nmptgame\blastermaster\blastermaster\debug\blastermaster.tlog\link.write.1.tlog
